# JRE version: Java(TM) SE Runtime Environment (8.0_11-b12) (build 1.8.0_11-b12)
# Java VM: Dynamic Code Evolution 64-Bit Server VM (25.5-b02-dcevmlight-58 mixed mode linux-amd64 compressed oops)
Heap:
 def new generation   total 53952K, used 26531K [0x000000008a000000, 0x000000008da80000, 0x00000000b1550000)
  eden space 48000K,  47% used [0x000000008a000000, 0x000000008b66d8c0, 0x000000008cee0000)
  from space 5952K,  59% used [0x000000008d4b0000, 0x000000008d82b728, 0x000000008da80000)
  to   space 5952K,   0% used [0x000000008cee0000, 0x000000008cee0000, 0x000000008d4b0000)
 tenured generation   total 119552K, used 89574K [0x00000000b1550000, 0x00000000b8a10000, 0x0000000100000000)
   the space 119552K,  74% used [0x00000000b1550000, 0x00000000b6cc99f8, 0x00000000b6cc9a00, 0x00000000b8a10000)
 Metaspace       used 67364K, capacity 67700K, committed 67964K, reserved 1110016K
  class space    used 8180K, capacity 8254K, committed 8320K, reserved 1048576K
GC Heap History (10 events):
Event: 1509,550 GC heap before
{Heap before GC invocations=240 (full 3):
 def new generation   total 53952K, used 51364K [0x000000008a000000, 0x000000008da80000, 0x00000000b1550000)
  eden space 48000K, 100% used [0x000000008a000000, 0x000000008cee0000, 0x000000008cee0000)
  from space 5952K,  56% used [0x000000008cee0000, 0x000000008d2292e8, 0x000000008d4b0000)
  to   space 5952K,   0% used [0x000000008d4b0000, 0x000000008d4b0000, 0x000000008da80000)
 tenured generation   total 119552K, used 88611K [0x00000000b1550000, 0x00000000b8a10000, 0x0000000100000000)
   the space 119552K,  74% used [0x00000000b1550000, 0x00000000b6bd8e08, 0x00000000b6bd9000, 0x00000000b8a10000)
 Metaspace       used 67286K, capacity 67572K, committed 67964K, reserved 1110016K
  class space    used 8165K, capacity 8254K, committed 8320K, reserved 1048576K
Event: 1509,569 GC heap after
Heap after GC invocations=241 (full 3):
 def new generation   total 53952K, used 2959K [0x000000008a000000, 0x000000008da80000, 0x00000000b1550000)
  eden space 48000K,   0% used [0x000000008a000000, 0x000000008a000000, 0x000000008cee0000)
  from space 5952K,  49% used [0x000000008d4b0000, 0x000000008d793fb0, 0x000000008da80000)
  to   space 5952K,   0% used [0x000000008cee0000, 0x000000008cee0000, 0x000000008d4b0000)
 tenured generation   total 119552K, used 89080K [0x00000000b1550000, 0x00000000b8a10000, 0x0000000100000000)
   the space 119552K,  74% used [0x00000000b1550000, 0x00000000b6c4e308, 0x00000000b6c4e400, 0x00000000b8a10000)
 Metaspace       used 67286K, capacity 67572K, committed 67964K, reserved 1110016K
  class space    used 8165K, capacity 8254K, committed 8320K, reserved 1048576K
}
Event: 1518,894 GC heap before
{Heap before GC invocations=241 (full 3):
 def new generation   total 53952K, used 50959K [0x000000008a000000, 0x000000008da80000, 0x00000000b1550000)
  eden space 48000K, 100% used [0x000000008a000000, 0x000000008cee0000, 0x000000008cee0000)
  from space 5952K,  49% used [0x000000008d4b0000, 0x000000008d793fb0, 0x000000008da80000)
  to   space 5952K,   0% used [0x000000008cee0000, 0x000000008cee0000, 0x000000008d4b0000)
 tenured generation   total 119552K, used 89080K [0x00000000b1550000, 0x00000000b8a10000, 0x0000000100000000)
   the space 119552K,  74% used [0x00000000b1550000, 0x00000000b6c4e308, 0x00000000b6c4e400, 0x00000000b8a10000)
 Metaspace       used 67286K, capacity 67572K, committed 67964K, reserved 1110016K
  class space    used 8165K, capacity 8254K, committed 8320K, reserved 1048576K
Event: 1518,907 GC heap after
Heap after GC invocations=242 (full 3):
 def new generation   total 53952K, used 3146K [0x000000008a000000, 0x000000008da80000, 0x00000000b1550000)
  eden space 48000K,   0% used [0x000000008a000000, 0x000000008a000000, 0x000000008cee0000)
  from space 5952K,  52% used [0x000000008cee0000, 0x000000008d1f2b90, 0x000000008d4b0000)
  to   space 5952K,   0% used [0x000000008d4b0000, 0x000000008d4b0000, 0x000000008da80000)
 tenured generation   total 119552K, used 89080K [0x00000000b1550000, 0x00000000b8a10000, 0x0000000100000000)
   the space 119552K,  74% used [0x00000000b1550000, 0x00000000b6c4e308, 0x00000000b6c4e400, 0x00000000b8a10000)
 Metaspace       used 67286K, capacity 67572K, committed 67964K, reserved 1110016K
  class space    used 8165K, capacity 8254K, committed 8320K, reserved 1048576K
}
Event: 1528,075 GC heap before
{Heap before GC invocations=242 (full 3):
 def new generation   total 53952K, used 51146K [0x000000008a000000, 0x000000008da80000, 0x00000000b1550000)
  eden space 48000K, 100% used [0x000000008a000000, 0x000000008cee0000, 0x000000008cee0000)
  from space 5952K,  52% used [0x000000008cee0000, 0x000000008d1f2b90, 0x000000008d4b0000)
  to   space 5952K,   0% used [0x000000008d4b0000, 0x000000008d4b0000, 0x000000008da80000)
 tenured generation   total 119552K, used 89080K [0x00000000b1550000, 0x00000000b8a10000, 0x0000000100000000)
   the space 119552K,  74% used [0x00000000b1550000, 0x00000000b6c4e308, 0x00000000b6c4e400, 0x00000000b8a10000)
 Metaspace       used 67316K, capacity 67636K, committed 67964K, reserved 1110016K
  class space    used 8173K, capacity 8254K, committed 8320K, reserved 1048576K
Event: 1528,087 GC heap after
Heap after GC invocations=243 (full 3):
 def new generation   total 53952K, used 2504K [0x000000008a000000, 0x000000008da80000, 0x00000000b1550000)
  eden space 48000K,   0% used [0x000000008a000000, 0x000000008a000000, 0x000000008cee0000)
  from space 5952K,  42% used [0x000000008d4b0000, 0x000000008d722348, 0x000000008da80000)
  to   space 5952K,   0% used [0x000000008cee0000, 0x000000008cee0000, 0x000000008d4b0000)
 tenured generation   total 119552K, used 89574K [0x00000000b1550000, 0x00000000b8a10000, 0x0000000100000000)
   the space 119552K,  74% used [0x00000000b1550000, 0x00000000b6cc99f8, 0x00000000b6cc9a00, 0x00000000b8a10000)
 Metaspace       used 67316K, capacity 67636K, committed 67964K, reserved 1110016K
  class space    used 8173K, capacity 8254K, committed 8320K, reserved 1048576K
}
Event: 1537,307 GC heap before
{Heap before GC invocations=243 (full 3):
 def new generation   total 53952K, used 50504K [0x000000008a000000, 0x000000008da80000, 0x00000000b1550000)
  eden space 48000K, 100% used [0x000000008a000000, 0x000000008cee0000, 0x000000008cee0000)
  from space 5952K,  42% used [0x000000008d4b0000, 0x000000008d722348, 0x000000008da80000)
  to   space 5952K,   0% used [0x000000008cee0000, 0x000000008cee0000, 0x000000008d4b0000)
 tenured generation   total 119552K, used 89574K [0x00000000b1550000, 0x00000000b8a10000, 0x0000000100000000)
   the space 119552K,  74% used [0x00000000b1550000, 0x00000000b6cc99f8, 0x00000000b6cc9a00, 0x00000000b8a10000)
 Metaspace       used 67316K, capacity 67636K, committed 67964K, reserved 1110016K
  class space    used 8173K, capacity 8254K, committed 8320K, reserved 1048576K
Event: 1537,317 GC heap after
Heap after GC invocations=244 (full 3):
 def new generation   total 53952K, used 2431K [0x000000008a000000, 0x000000008da80000, 0x00000000b1550000)
  eden space 48000K,   0% used [0x000000008a000000, 0x000000008a000000, 0x000000008cee0000)
  from space 5952K,  40% used [0x000000008cee0000, 0x000000008d13ffa0, 0x000000008d4b0000)
  to   space 5952K,   0% used [0x000000008d4b0000, 0x000000008d4b0000, 0x000000008da80000)
 tenured generation   total 119552K, used 89574K [0x00000000b1550000, 0x00000000b8a10000, 0x0000000100000000)
   the space 119552K,  74% used [0x00000000b1550000, 0x00000000b6cc99f8, 0x00000000b6cc9a00, 0x00000000b8a10000)
 Metaspace       used 67316K, capacity 67636K, committed 67964K, reserved 1110016K
  class space    used 8173K, capacity 8254K, committed 8320K, reserved 1048576K
}
Event: 1547,246 GC heap before
{Heap before GC invocations=244 (full 3):
 def new generation   total 53952K, used 50431K [0x000000008a000000, 0x000000008da80000, 0x00000000b1550000)
  eden space 48000K, 100% used [0x000000008a000000, 0x000000008cee0000, 0x000000008cee0000)
  from space 5952K,  40% used [0x000000008cee0000, 0x000000008d13ffa0, 0x000000008d4b0000)
  to   space 5952K,   0% used [0x000000008d4b0000, 0x000000008d4b0000, 0x000000008da80000)
 tenured generation   total 119552K, used 89574K [0x00000000b1550000, 0x00000000b8a10000, 0x0000000100000000)
   the space 119552K,  74% used [0x00000000b1550000, 0x00000000b6cc99f8, 0x00000000b6cc9a00, 0x00000000b8a10000)
 Metaspace       used 67330K, capacity 67636K, committed 67964K, reserved 1110016K
  class space    used 8174K, capacity 8254K, committed 8320K, reserved 1048576K
Event: 1547,275 GC heap after
Heap after GC invocations=245 (full 3):
 def new generation   total 53952K, used 3565K [0x000000008a000000, 0x000000008da80000, 0x00000000b1550000)
  eden space 48000K,   0% used [0x000000008a000000, 0x000000008a000000, 0x000000008cee0000)
  from space 5952K,  59% used [0x000000008d4b0000, 0x000000008d82b728, 0x000000008da80000)
  to   space 5952K,   0% used [0x000000008cee0000, 0x000000008cee0000, 0x000000008d4b0000)
 tenured generation   total 119552K, used 89574K [0x00000000b1550000, 0x00000000b8a10000, 0x0000000100000000)
   the space 119552K,  74% used [0x00000000b1550000, 0x00000000b6cc99f8, 0x00000000b6cc9a00, 0x00000000b8a10000)
 Metaspace       used 67330K, capacity 67636K, committed 67964K, reserved 1110016K
  class space    used 8174K, capacity 8254K, committed 8320K, reserved 1048576K
}

